<?xml version="1.0" encoding="UTF-8"?>
<testsuite name="org.elasticsearch.plugin.elastiknn.ElastiknnRestIT" tests="1" skipped="0" failures="0" errors="0" timestamp="2019-11-02T02:30:01" hostname="pop-os" time="0.949">
  <properties/>
  <testcase name="test {yaml=elastiknn/10_basic/elastiknn plugin installed}" classname="org.elasticsearch.plugin.elastiknn.ElastiknnRestIT" time="0.949"/>
  <system-out><![CDATA[[2019-11-01T22:30:01,933][INFO ][o.e.p.e.ElastiknnRestIT  ] [test] [yaml=elastiknn/10_basic/elastiknn plugin installed] before test
[2019-11-01T22:30:02,101][INFO ][o.e.p.e.ElastiknnRestIT  ] [test] initializing REST clients against [http://[::1]:43491]
[2019-11-01T22:30:02,701][INFO ][o.e.p.e.ElastiknnRestIT  ] [test] initializing client, minimum es version [7.4.0], master version, [7.4.0], hosts [http://[::1]:43491]
[2019-11-01T22:30:02,836][INFO ][o.e.p.e.ElastiknnRestIT  ] [test] [yaml=elastiknn/10_basic/elastiknn plugin installed] after test
]]></system-out>
  <system-err><![CDATA[]]></system-err>
</testsuite>
